2.OK =================================================================
==94226==ERROR: AddressSanitizer: heap-use-after-free on address 0x604000000350 at pc 0x00010e4d0e05 bp 0x7ffee173ed90 sp 0x7ffee173ed88
READ of size 8 at 0x604000000350 thread T0
    #0 0x10e4d0e04 in get_next_line get_next_line.c:129
    #1 0x10e4cf460 in test_gnl_func file_utils.c:40
    #2 0x10e4c52f9 in main tester.c:103
    #3 0x7fff675a4cc8 in start+0x0 (libdyld.dylib:x86_64+0x1acc8)

0x604000000350 is located 0 bytes inside of 48-byte region [0x604000000350,0x604000000380)
freed by thread T0 here:
    #0 0x111ad02c6 in wrap_free+0xa6 (libclang_rt.asan_osx_dynamic.dylib:x86_64h+0x492c6)
    #1 0x10e4c9cf5 in free malloc_mock.c:82
    #2 0x10e4d0e21 in get_next_line get_next_line.c:130
    #3 0x10e4cf460 in test_gnl_func file_utils.c:40
    #4 0x10e4c528a in main tester.c:103
    #5 0x7fff675a4cc8 in start+0x0 (libdyld.dylib:x86_64+0x1acc8)

previously allocated by thread T0 here:
    #0 0x111ad017d in wrap_malloc+0x9d (libclang_rt.asan_osx_dynamic.dylib:x86_64h+0x4917d)
    #1 0x10e4c96bc in malloc malloc_mock.c:65
    #2 0x10e4d0c67 in get_next_line get_next_line.c:112
    #3 0x10e4cf460 in test_gnl_func file_utils.c:40
    #4 0x10e4c528a in main tester.c:103
    #5 0x7fff675a4cc8 in start+0x0 (libdyld.dylib:x86_64+0x1acc8)

SUMMARY: AddressSanitizer: heap-use-after-free get_next_line.c:129 in get_next_line
Error in test 3: get_next_line(5: "Invalid fd"): Memory problems!
     in sigabort utils.c:58:1
     in get_next_line get_next_line.c:129:15
     in test_gnl_func file_utils.c:40:8
     in main tester.c:103:2

Error in test 1: get_next_line(5: "empty.txt"): Timeout occurred. You can increase the timeout by executing francinette --timeout <number of seconds>
Error in test 1: get_next_line(5: "1char.txt"): Timeout occurred. You can increase the timeout by executing francinette --timeout <number of seconds>
Error in test 1: get_next_line(5: "one_line_no_nl.txt"): Timeout occurred. You can increase the timeout by executing francinette --timeout <number of seconds>
=================================================================
==94291==ERROR: AddressSanitizer: heap-buffer-overflow on address 0x602000000111 at pc 0x000111aa1cc9 bp 0x7ffee173eeb0 sp 0x7ffee173e658
READ of size 2 at 0x602000000111 thread T0
    #0 0x111aa1cc8 in wrap_strcmp+0x318 (libclang_rt.asan_osx_dynamic.dylib:x86_64h+0x1acc8)
    #1 0x10e4cf08d in same_string utils.c:437
    #2 0x10e4cf471 in test_gnl_func file_utils.c:41
    #3 0x10e4c6a91 in main tester.c:129
    #4 0x7fff675a4cc8 in start+0x0 (libdyld.dylib:x86_64+0x1acc8)

0x602000000111 is located 0 bytes to the right of 1-byte region [0x602000000110,0x602000000111)
allocated by thread T0 here:
    #0 0x111ad017d in wrap_malloc+0x9d (libclang_rt.asan_osx_dynamic.dylib:x86_64h+0x4917d)
    #1 0x10e4c96bc in malloc malloc_mock.c:65
    #2 0x10e4d0529 in strcut_n_cpy get_next_line.c:78
    #3 0x10e4d0fde in get_next_line get_next_line.c:147
    #4 0x10e4cf460 in test_gnl_func file_utils.c:40
    #5 0x10e4c6a91 in main tester.c:129
    #6 0x7fff675a4cc8 in start+0x0 (libdyld.dylib:x86_64+0x1acc8)

SUMMARY: AddressSanitizer: heap-buffer-overflow (libclang_rt.asan_osx_dynamic.dylib:x86_64h+0x1acc8) in wrap_strcmp+0x318
Error in test 1: get_next_line(5: "only_nl.txt"): Memory problems!
     in sigabort utils.c:58:1
     in same_string utils.c:437:31
     in test_gnl_func file_utils.c:41:6
     in main tester.c:129:2

=================================================================
==94295==ERROR: AddressSanitizer: heap-buffer-overflow on address 0x602000000111 at pc 0x000111aa1cc9 bp 0x7ffee173eeb0 sp 0x7ffee173e658
READ of size 2 at 0x602000000111 thread T0
    #0 0x111aa1cc8 in wrap_strcmp+0x318 (libclang_rt.asan_osx_dynamic.dylib:x86_64h+0x1acc8)
    #1 0x10e4cf08d in same_string utils.c:437
    #2 0x10e4cf471 in test_gnl_func file_utils.c:41
    #3 0x10e4c708a in main tester.c:135
    #4 0x7fff675a4cc8 in start+0x0 (libdyld.dylib:x86_64+0x1acc8)

0x602000000111 is located 0 bytes to the right of 1-byte region [0x602000000110,0x602000000111)
allocated by thread T0 here:
    #0 0x111ad017d in wrap_malloc+0x9d (libclang_rt.asan_osx_dynamic.dylib:x86_64h+0x4917d)
    #1 0x10e4c96bc in malloc malloc_mock.c:65
    #2 0x10e4d0529 in strcut_n_cpy get_next_line.c:78
    #3 0x10e4d0fde in get_next_line get_next_line.c:147
    #4 0x10e4cf460 in test_gnl_func file_utils.c:40
    #5 0x10e4c708a in main tester.c:135
    #6 0x7fff675a4cc8 in start+0x0 (libdyld.dylib:x86_64+0x1acc8)

SUMMARY: AddressSanitizer: heap-buffer-overflow (libclang_rt.asan_osx_dynamic.dylib:x86_64h+0x1acc8) in wrap_strcmp+0x318
Error in test 1: get_next_line(5: "multiple_nl.txt"): Memory problems!
     in sigabort utils.c:58:1
     in same_string utils.c:437:31
     in test_gnl_func file_utils.c:41:6
     in main tester.c:135:2

=================================================================
==94298==ERROR: AddressSanitizer: heap-buffer-overflow on address 0x602000000111 at pc 0x000111aa1cc9 bp 0x7ffee173eeb0 sp 0x7ffee173e658
READ of size 2 at 0x602000000111 thread T0
    #0 0x111aa1cc8 in wrap_strcmp+0x318 (libclang_rt.asan_osx_dynamic.dylib:x86_64h+0x1acc8)
    #1 0x10e4cf08d in same_string utils.c:437
    #2 0x10e4cf471 in test_gnl_func file_utils.c:41
    #3 0x10e4c77af in main tester.c:145
    #4 0x7fff675a4cc8 in start+0x0 (libdyld.dylib:x86_64+0x1acc8)

0x602000000111 is located 0 bytes to the right of 1-byte region [0x602000000110,0x602000000111)
allocated by thread T0 here:
    #0 0x111ad017d in wrap_malloc+0x9d (libclang_rt.asan_osx_dynamic.dylib:x86_64h+0x4917d)
    #1 0x10e4c96bc in malloc malloc_mock.c:65
    #2 0x10e4d0529 in strcut_n_cpy get_next_line.c:78
    #3 0x10e4d0fde in get_next_line get_next_line.c:147
    #4 0x10e4cf460 in test_gnl_func file_utils.c:40
    #5 0x10e4c77af in main tester.c:145
    #6 0x7fff675a4cc8 in start+0x0 (libdyld.dylib:x86_64+0x1acc8)

SUMMARY: AddressSanitizer: heap-buffer-overflow (libclang_rt.asan_osx_dynamic.dylib:x86_64h+0x1acc8) in wrap_strcmp+0x318
Error in test 1: get_next_line(5: "variable_nls.txt"): Memory problems!
     in sigabort utils.c:58:1
     in same_string utils.c:437:31
     in test_gnl_func file_utils.c:41:6
     in main tester.c:145:2

=================================================================
==94304==ERROR: AddressSanitizer: heap-buffer-overflow on address 0x60200000017b at pc 0x000111aa1cc9 bp 0x7ffee173eeb0 sp 0x7ffee173e658
READ of size 12 at 0x60200000017b thread T0
    #0 0x111aa1cc8 in wrap_strcmp+0x318 (libclang_rt.asan_osx_dynamic.dylib:x86_64h+0x1acc8)
    #1 0x10e4cf08d in same_string utils.c:437
    #2 0x10e4cf471 in test_gnl_func file_utils.c:41
    #3 0x10e4c80e1 in main tester.c:162
    #4 0x7fff675a4cc8 in start+0x0 (libdyld.dylib:x86_64+0x1acc8)

0x60200000017b is located 0 bytes to the right of 11-byte region [0x602000000170,0x60200000017b)
allocated by thread T0 here:
    #0 0x111ad017d in wrap_malloc+0x9d (libclang_rt.asan_osx_dynamic.dylib:x86_64h+0x4917d)
    #1 0x10e4c96bc in malloc malloc_mock.c:65
    #2 0x10e4d0529 in strcut_n_cpy get_next_line.c:78
    #3 0x10e4d0fde in get_next_line get_next_line.c:147
    #4 0x10e4cf460 in test_gnl_func file_utils.c:40
    #5 0x10e4c80e1 in main tester.c:162
    #6 0x7fff675a4cc8 in start+0x0 (libdyld.dylib:x86_64+0x1acc8)

SUMMARY: AddressSanitizer: heap-buffer-overflow (libclang_rt.asan_osx_dynamic.dylib:x86_64h+0x1acc8) in wrap_strcmp+0x318
Error in test 1: get_next_line(5: "lines_around_10.txt"): Memory problems!
     in sigabort utils.c:58:1
     in same_string utils.c:437:31
     in test_gnl_func file_utils.c:41:6
     in main tester.c:162:2

=================================================================
==94308==ERROR: AddressSanitizer: heap-buffer-overflow on address 0x60200000017b at pc 0x000111aa1cc9 bp 0x7ffee173eeb0 sp 0x7ffee173e658
READ of size 12 at 0x60200000017b thread T0
    #0 0x111aa1cc8 in wrap_strcmp+0x318 (libclang_rt.asan_osx_dynamic.dylib:x86_64h+0x1acc8)
    #1 0x10e4cf08d in same_string utils.c:437
    #2 0x10e4cf471 in test_gnl_func file_utils.c:41
    #3 0x10e4c880b in main tester.c:193
    #4 0x7fff675a4cc8 in start+0x0 (libdyld.dylib:x86_64+0x1acc8)

0x60200000017b is located 0 bytes to the right of 11-byte region [0x602000000170,0x60200000017b)
allocated by thread T0 here:
    #0 0x111ad017d in wrap_malloc+0x9d (libclang_rt.asan_osx_dynamic.dylib:x86_64h+0x4917d)
    #1 0x10e4c96bc in malloc malloc_mock.c:65
    #2 0x10e4d0529 in strcut_n_cpy get_next_line.c:78
    #3 0x10e4d0fde in get_next_line get_next_line.c:147
    #4 0x10e4cf460 in test_gnl_func file_utils.c:40
    #5 0x10e4c880b in main tester.c:193
    #6 0x7fff675a4cc8 in start+0x0 (libdyld.dylib:x86_64+0x1acc8)

SUMMARY: AddressSanitizer: heap-buffer-overflow (libclang_rt.asan_osx_dynamic.dylib:x86_64h+0x1acc8) in wrap_strcmp+0x318
Error in test 1: get_next_line(5: "read_error.txt"): Memory problems!
     in sigabort utils.c:58:1
     in same_string utils.c:437:31
     in test_gnl_func file_utils.c:41:6
     in main tester.c:193:2

=================================================================
==94311==ERROR: AddressSanitizer: heap-buffer-overflow on address 0x60200000017b at pc 0x000111aa1cc9 bp 0x7ffee173eeb0 sp 0x7ffee173e658
READ of size 12 at 0x60200000017b thread T0
    #0 0x111aa1cc8 in wrap_strcmp+0x318 (libclang_rt.asan_osx_dynamic.dylib:x86_64h+0x1acc8)
    #1 0x10e4cf08d in same_string utils.c:437
    #2 0x10e4cf471 in test_gnl_func file_utils.c:41
    #3 0x10e4c9097 in main tester.c:243
    #4 0x7fff675a4cc8 in start+0x0 (libdyld.dylib:x86_64+0x1acc8)

0x60200000017b is located 0 bytes to the right of 11-byte region [0x602000000170,0x60200000017b)
allocated by thread T0 here:
    #0 0x111ad017d in wrap_malloc+0x9d (libclang_rt.asan_osx_dynamic.dylib:x86_64h+0x4917d)
    #1 0x10e4c96bc in malloc malloc_mock.c:65
    #2 0x10e4d0529 in strcut_n_cpy get_next_line.c:78
    #3 0x10e4d0fde in get_next_line get_next_line.c:147
    #4 0x10e4cf460 in test_gnl_func file_utils.c:40
    #5 0x10e4c9097 in main tester.c:243
    #6 0x7fff675a4cc8 in start+0x0 (libdyld.dylib:x86_64+0x1acc8)

SUMMARY: AddressSanitizer: heap-buffer-overflow (libclang_rt.asan_osx_dynamic.dylib:x86_64h+0x1acc8) in wrap_strcmp+0x318
Error in test 1: get_next_line(0: "stdin"): Memory problems!
     in sigabort utils.c:58:1
     in same_string utils.c:437:31
     in test_gnl_func file_utils.c:41:6
     in main tester.c:243:2

=================================================================
==94326==ERROR: AddressSanitizer: heap-use-after-free on address 0x604000000350 at pc 0x000107ab3c67 bp 0x7ffee8151d90 sp 0x7ffee8151d88
READ of size 8 at 0x604000000350 thread T0
    #0 0x107ab3c66 in get_next_line get_next_line.c:129
    #1 0x107ab22c0 in test_gnl_func file_utils.c:40
    #2 0x107aa6da9 in main tester.c:103
    #3 0x7fff675a4cc8 in start+0x0 (libdyld.dylib:x86_64+0x1acc8)

0x604000000350 is located 0 bytes inside of 48-byte region [0x604000000350,0x604000000380)
freed by thread T0 here:
    #0 0x10b0b62c6 in wrap_free+0xa6 (libclang_rt.asan_osx_dynamic.dylib:x86_64h+0x492c6)
    #1 0x107aacb45 in free malloc_mock.c:82
    #2 0x107ab3c83 in get_next_line get_next_line.c:130
    #3 0x107ab22c0 in test_gnl_func file_utils.c:40
    #4 0x107aa6d3a in main tester.c:103
    #5 0x7fff675a4cc8 in start+0x0 (libdyld.dylib:x86_64+0x1acc8)

previously allocated by thread T0 here:
    #0 0x10b0b617d in wrap_malloc+0x9d (libclang_rt.asan_osx_dynamic.dylib:x86_64h+0x4917d)
    #1 0x107aac50c in malloc malloc_mock.c:65
    #2 0x107ab3ac9 in get_next_line get_next_line.c:112
    #3 0x107ab22c0 in test_gnl_func file_utils.c:40
    #4 0x107aa6d3a in main tester.c:103
    #5 0x7fff675a4cc8 in start+0x0 (libdyld.dylib:x86_64+0x1acc8)

SUMMARY: AddressSanitizer: heap-use-after-free get_next_line.c:129 in get_next_line
Error in test 3: get_next_line(5: "Invalid fd"): Memory problems!
     in sigabort utils.c:58:1
     in get_next_line get_next_line.c:129:15
     in test_gnl_func file_utils.c:40:8
     in main tester.c:103:2

Error in test 1: get_next_line(5: "empty.txt"): Timeout occurred. You can increase the timeout by executing francinette --timeout <number of seconds>
Error in test 1: get_next_line(5: "1char.txt"): Timeout occurred. You can increase the timeout by executing francinette --timeout <number of seconds>
Error in test 1: get_next_line(5: "one_line_no_nl.txt"): Timeout occurred. You can increase the timeout by executing francinette --timeout <number of seconds>
=================================================================
==94425==ERROR: AddressSanitizer: heap-buffer-overflow on address 0x6020000000f1 at pc 0x00010b087cc9 bp 0x7ffee8151eb0 sp 0x7ffee8151658
READ of size 2 at 0x6020000000f1 thread T0
    #0 0x10b087cc8 in wrap_strcmp+0x318 (libclang_rt.asan_osx_dynamic.dylib:x86_64h+0x1acc8)
    #1 0x107ab1edd in same_string utils.c:437
    #2 0x107ab22d1 in test_gnl_func file_utils.c:41
    #3 0x107aa8541 in main tester.c:129
    #4 0x7fff675a4cc8 in start+0x0 (libdyld.dylib:x86_64+0x1acc8)

0x6020000000f1 is located 0 bytes to the right of 1-byte region [0x6020000000f0,0x6020000000f1)
allocated by thread T0 here:
    #0 0x10b0b617d in wrap_malloc+0x9d (libclang_rt.asan_osx_dynamic.dylib:x86_64h+0x4917d)
    #1 0x107aac50c in malloc malloc_mock.c:65
    #2 0x107ab3389 in strcut_n_cpy get_next_line.c:78
    #3 0x107ab3e40 in get_next_line get_next_line.c:147
    #4 0x107ab22c0 in test_gnl_func file_utils.c:40
    #5 0x107aa8541 in main tester.c:129
    #6 0x7fff675a4cc8 in start+0x0 (libdyld.dylib:x86_64+0x1acc8)

SUMMARY: AddressSanitizer: heap-buffer-overflow (libclang_rt.asan_osx_dynamic.dylib:x86_64h+0x1acc8) in wrap_strcmp+0x318
Error in test 1: get_next_line(5: "only_nl.txt"): Memory problems!
     in sigabort utils.c:58:1
     in same_string utils.c:437:31
     in test_gnl_func file_utils.c:41:6
     in main tester.c:129:2

=================================================================
==94428==ERROR: AddressSanitizer: heap-buffer-overflow on address 0x6020000000f1 at pc 0x00010b087cc9 bp 0x7ffee8151eb0 sp 0x7ffee8151658
READ of size 2 at 0x6020000000f1 thread T0
    #0 0x10b087cc8 in wrap_strcmp+0x318 (libclang_rt.asan_osx_dynamic.dylib:x86_64h+0x1acc8)
    #1 0x107ab1edd in same_string utils.c:437
    #2 0x107ab22d1 in test_gnl_func file_utils.c:41
    #3 0x107aa8b3a in main tester.c:135
    #4 0x7fff675a4cc8 in start+0x0 (libdyld.dylib:x86_64+0x1acc8)

0x6020000000f1 is located 0 bytes to the right of 1-byte region [0x6020000000f0,0x6020000000f1)
allocated by thread T0 here:
    #0 0x10b0b617d in wrap_malloc+0x9d (libclang_rt.asan_osx_dynamic.dylib:x86_64h+0x4917d)
    #1 0x107aac50c in malloc malloc_mock.c:65
    #2 0x107ab3389 in strcut_n_cpy get_next_line.c:78
    #3 0x107ab3e40 in get_next_line get_next_line.c:147
    #4 0x107ab22c0 in test_gnl_func file_utils.c:40
    #5 0x107aa8b3a in main tester.c:135
    #6 0x7fff675a4cc8 in start+0x0 (libdyld.dylib:x86_64+0x1acc8)

SUMMARY: AddressSanitizer: heap-buffer-overflow (libclang_rt.asan_osx_dynamic.dylib:x86_64h+0x1acc8) in wrap_strcmp+0x318
Error in test 1: get_next_line(5: "multiple_nl.txt"): Memory problems!
     in sigabort utils.c:58:1
     in same_string utils.c:437:31
     in test_gnl_func file_utils.c:41:6
     in main tester.c:135:2

=================================================================
==94432==ERROR: AddressSanitizer: heap-buffer-overflow on address 0x6020000000f1 at pc 0x00010b087cc9 bp 0x7ffee8151eb0 sp 0x7ffee8151658
READ of size 2 at 0x6020000000f1 thread T0
    #0 0x10b087cc8 in wrap_strcmp+0x318 (libclang_rt.asan_osx_dynamic.dylib:x86_64h+0x1acc8)
    #1 0x107ab1edd in same_string utils.c:437
    #2 0x107ab22d1 in test_gnl_func file_utils.c:41
    #3 0x107aa925f in main tester.c:145
    #4 0x7fff675a4cc8 in start+0x0 (libdyld.dylib:x86_64+0x1acc8)

0x6020000000f1 is located 0 bytes to the right of 1-byte region [0x6020000000f0,0x6020000000f1)
allocated by thread T0 here:
    #0 0x10b0b617d in wrap_malloc+0x9d (libclang_rt.asan_osx_dynamic.dylib:x86_64h+0x4917d)
    #1 0x107aac50c in malloc malloc_mock.c:65
    #2 0x107ab3389 in strcut_n_cpy get_next_line.c:78
    #3 0x107ab3e40 in get_next_line get_next_line.c:147
    #4 0x107ab22c0 in test_gnl_func file_utils.c:40
    #5 0x107aa925f in main tester.c:145
    #6 0x7fff675a4cc8 in start+0x0 (libdyld.dylib:x86_64+0x1acc8)

SUMMARY: AddressSanitizer: heap-buffer-overflow (libclang_rt.asan_osx_dynamic.dylib:x86_64h+0x1acc8) in wrap_strcmp+0x318
Error in test 1: get_next_line(5: "variable_nls.txt"): Memory problems!
     in sigabort utils.c:58:1
     in same_string utils.c:437:31
     in test_gnl_func file_utils.c:41:6
     in main tester.c:145:2

=================================================================
==94438==ERROR: AddressSanitizer: heap-buffer-overflow on address 0x6020000000fb at pc 0x00010b087cc9 bp 0x7ffee8151eb0 sp 0x7ffee8151658
READ of size 12 at 0x6020000000fb thread T0
    #0 0x10b087cc8 in wrap_strcmp+0x318 (libclang_rt.asan_osx_dynamic.dylib:x86_64h+0x1acc8)
    #1 0x107ab1edd in same_string utils.c:437
    #2 0x107ab22d1 in test_gnl_func file_utils.c:41
    #3 0x107aa9b91 in main tester.c:162
    #4 0x7fff675a4cc8 in start+0x0 (libdyld.dylib:x86_64+0x1acc8)

0x6020000000fb is located 0 bytes to the right of 11-byte region [0x6020000000f0,0x6020000000fb)
allocated by thread T0 here:
    #0 0x10b0b617d in wrap_malloc+0x9d (libclang_rt.asan_osx_dynamic.dylib:x86_64h+0x4917d)
    #1 0x107aac50c in malloc malloc_mock.c:65
    #2 0x107ab3389 in strcut_n_cpy get_next_line.c:78
    #3 0x107ab3e40 in get_next_line get_next_line.c:147
    #4 0x107ab22c0 in test_gnl_func file_utils.c:40
    #5 0x107aa9b91 in main tester.c:162
    #6 0x7fff675a4cc8 in start+0x0 (libdyld.dylib:x86_64+0x1acc8)

SUMMARY: AddressSanitizer: heap-buffer-overflow (libclang_rt.asan_osx_dynamic.dylib:x86_64h+0x1acc8) in wrap_strcmp+0x318
Error in test 1: get_next_line(5: "lines_around_10.txt"): Memory problems!
     in sigabort utils.c:58:1
     in same_string utils.c:437:31
     in test_gnl_func file_utils.c:41:6
     in main tester.c:162:2

Error in test 1: get_next_line(5: "giant_line.txt"): Timeout occurred. You can increase the timeout by executing francinette --timeout <number of seconds>
=================================================================
==94458==ERROR: AddressSanitizer: heap-buffer-overflow on address 0x62a00000b021 at pc 0x00010b087cc9 bp 0x7ffee8151eb0 sp 0x7ffee8151658
READ of size 20002 at 0x62a00000b021 thread T0
    #0 0x10b087cc8 in wrap_strcmp+0x318 (libclang_rt.asan_osx_dynamic.dylib:x86_64h+0x1acc8)
    #1 0x107ab1edd in same_string utils.c:437
    #2 0x107ab22d1 in test_gnl_func file_utils.c:41
    #3 0x107aaaa21 in main tester.c:181
    #4 0x7fff675a4cc8 in start+0x0 (libdyld.dylib:x86_64+0x1acc8)

0x62a00000b021 is located 0 bytes to the right of 20001-byte region [0x62a000006200,0x62a00000b021)
allocated by thread T0 here:
    #0 0x10b0b617d in wrap_malloc+0x9d (libclang_rt.asan_osx_dynamic.dylib:x86_64h+0x4917d)
    #1 0x107aac50c in malloc malloc_mock.c:65
    #2 0x107ab3389 in strcut_n_cpy get_next_line.c:78
    #3 0x107ab3e40 in get_next_line get_next_line.c:147
    #4 0x107ab22c0 in test_gnl_func file_utils.c:40
    #5 0x107aaaa21 in main tester.c:181
    #6 0x7fff675a4cc8 in start+0x0 (libdyld.dylib:x86_64+0x1acc8)

SUMMARY: AddressSanitizer: heap-buffer-overflow (libclang_rt.asan_osx_dynamic.dylib:x86_64h+0x1acc8) in wrap_strcmp+0x318
Error in test 1: get_next_line(5: "giant_line_nl.txt"): Memory problems!
     in sigabort utils.c:58:1
     in same_string utils.c:437:31
     in test_gnl_func file_utils.c:41:6
     in main tester.c:181:3

=================================================================
==94462==ERROR: AddressSanitizer: heap-buffer-overflow on address 0x6020000000fb at pc 0x00010b087cc9 bp 0x7ffee8151eb0 sp 0x7ffee8151658
READ of size 12 at 0x6020000000fb thread T0
    #0 0x10b087cc8 in wrap_strcmp+0x318 (libclang_rt.asan_osx_dynamic.dylib:x86_64h+0x1acc8)
    #1 0x107ab1edd in same_string utils.c:437
    #2 0x107ab22d1 in test_gnl_func file_utils.c:41
    #3 0x107aab093 in main tester.c:193
    #4 0x7fff675a4cc8 in start+0x0 (libdyld.dylib:x86_64+0x1acc8)

0x6020000000fb is located 0 bytes to the right of 11-byte region [0x6020000000f0,0x6020000000fb)
allocated by thread T0 here:
    #0 0x10b0b617d in wrap_malloc+0x9d (libclang_rt.asan_osx_dynamic.dylib:x86_64h+0x4917d)
    #1 0x107aac50c in malloc malloc_mock.c:65
    #2 0x107ab3389 in strcut_n_cpy get_next_line.c:78
    #3 0x107ab3e40 in get_next_line get_next_line.c:147
    #4 0x107ab22c0 in test_gnl_func file_utils.c:40
    #5 0x107aab093 in main tester.c:193
    #6 0x7fff675a4cc8 in start+0x0 (libdyld.dylib:x86_64+0x1acc8)

SUMMARY: AddressSanitizer: heap-buffer-overflow (libclang_rt.asan_osx_dynamic.dylib:x86_64h+0x1acc8) in wrap_strcmp+0x318
Error in test 1: get_next_line(5: "read_error.txt"): Memory problems!
     in sigabort utils.c:58:1
     in same_string utils.c:437:31
     in test_gnl_func file_utils.c:41:6
     in main tester.c:193:2

Error in test 1: get_next_line(5: "limits.txt"): Timeout occurred. You can increase the timeout by executing francinette --timeout <number of seconds>
=================================================================
==94485==ERROR: AddressSanitizer: heap-buffer-overflow on address 0x6020000000fb at pc 0x00010b087cc9 bp 0x7ffee8151eb0 sp 0x7ffee8151658
READ of size 12 at 0x6020000000fb thread T0
    #0 0x10b087cc8 in wrap_strcmp+0x318 (libclang_rt.asan_osx_dynamic.dylib:x86_64h+0x1acc8)
    #1 0x107ab1edd in same_string utils.c:437
    #2 0x107ab22d1 in test_gnl_func file_utils.c:41
    #3 0x107aabf19 in main tester.c:243
    #4 0x7fff675a4cc8 in start+0x0 (libdyld.dylib:x86_64+0x1acc8)

0x6020000000fb is located 0 bytes to the right of 11-byte region [0x6020000000f0,0x6020000000fb)
allocated by thread T0 here:
    #0 0x10b0b617d in wrap_malloc+0x9d (libclang_rt.asan_osx_dynamic.dylib:x86_64h+0x4917d)
    #1 0x107aac50c in malloc malloc_mock.c:65
    #2 0x107ab3389 in strcut_n_cpy get_next_line.c:78
    #3 0x107ab3e40 in get_next_line get_next_line.c:147
    #4 0x107ab22c0 in test_gnl_func file_utils.c:40
    #5 0x107aabf19 in main tester.c:243
    #6 0x7fff675a4cc8 in start+0x0 (libdyld.dylib:x86_64+0x1acc8)

SUMMARY: AddressSanitizer: heap-buffer-overflow (libclang_rt.asan_osx_dynamic.dylib:x86_64h+0x1acc8) in wrap_strcmp+0x318
Error in test 1: get_next_line(0: "stdin"): Memory problems!
     in sigabort utils.c:58:1
     in same_string utils.c:437:31
     in test_gnl_func file_utils.c:41:6
     in main tester.c:243:2

=================================================================
==94499==ERROR: AddressSanitizer: heap-use-after-free on address 0x604000000350 at pc 0x0001038cecbc bp 0x7ffeec242af0 sp 0x7ffeec242ae8
READ of size 8 at 0x604000000350 thread T0
    #0 0x1038cecbb in get_next_line get_next_line.c:129
    #1 0x1038cd300 in test_gnl_func file_utils.c:40
    #2 0x1038c2395 in main tester.c:103
    #3 0x7fff675a4cc8 in start+0x0 (libdyld.dylib:x86_64+0x1acc8)

0x604000000350 is located 0 bytes inside of 48-byte region [0x604000000350,0x604000000380)
freed by thread T0 here:
    #0 0x106ecb2c6 in wrap_free+0xa6 (libclang_rt.asan_osx_dynamic.dylib:x86_64h+0x492c6)
    #1 0x1038c7b85 in free malloc_mock.c:82
    #2 0x1038cecd9 in get_next_line get_next_line.c:130
    #3 0x1038cd300 in test_gnl_func file_utils.c:40
    #4 0x1038c2326 in main tester.c:103
    #5 0x7fff675a4cc8 in start+0x0 (libdyld.dylib:x86_64+0x1acc8)

previously allocated by thread T0 here:
    #0 0x106ecb17d in wrap_malloc+0x9d (libclang_rt.asan_osx_dynamic.dylib:x86_64h+0x4917d)
    #1 0x1038c754c in malloc malloc_mock.c:65
    #2 0x1038ceb0b in get_next_line get_next_line.c:112
    #3 0x1038cd300 in test_gnl_func file_utils.c:40
    #4 0x1038c2326 in main tester.c:103
    #5 0x7fff675a4cc8 in start+0x0 (libdyld.dylib:x86_64+0x1acc8)

SUMMARY: AddressSanitizer: heap-use-after-free get_next_line.c:129 in get_next_line
Error in test 3: get_next_line(5: "Invalid fd"): Memory problems!
     in sigabort utils.c:58:1
     in get_next_line get_next_line.c:129:15
     in get_next_line get_next_line.c:129:15
     in test_gnl_func file_utils.c:40:8
     in main tester.c:103:2

Error in test 1: get_next_line(5: "empty.txt"): Timeout occurred. You can increase the timeout by executing francinette --timeout <number of seconds>
Error in test 1: get_next_line(5: "1char.txt"): Timeout occurred. You can increase the timeout by executing francinette --timeout <number of seconds>
Error in test 1: get_next_line(5: "one_line_no_nl.txt"): Timeout occurred. You can increase the timeout by executing francinette --timeout <number of seconds>
=================================================================
==94571==ERROR: AddressSanitizer: heap-buffer-overflow on address 0x6020000000f1 at pc 0x000106e9ccc9 bp 0x7ffeec336f10 sp 0x7ffeec3366b8
READ of size 2 at 0x6020000000f1 thread T0
    #0 0x106e9ccc8 in wrap_strcmp+0x318 (libclang_rt.asan_osx_dynamic.dylib:x86_64h+0x1acc8)
    #1 0x1038ccf1d in same_string utils.c:437
    #2 0x1038cd311 in test_gnl_func file_utils.c:41
    #3 0x1038c3b2d in main tester.c:129
    #4 0x7fff675a4cc8 in start+0x0 (libdyld.dylib:x86_64+0x1acc8)

0x6020000000f1 is located 0 bytes to the right of 1-byte region [0x6020000000f0,0x6020000000f1)
allocated by thread T0 here:
    #0 0x106ecb17d in wrap_malloc+0x9d (libclang_rt.asan_osx_dynamic.dylib:x86_64h+0x4917d)
    #1 0x1038c754c in malloc malloc_mock.c:65
    #2 0x1038ce3c9 in strcut_n_cpy get_next_line.c:78
    #3 0x1038ceead in get_next_line get_next_line.c:147
    #4 0x1038cd300 in test_gnl_func file_utils.c:40
    #5 0x1038c3b2d in main tester.c:129
    #6 0x7fff675a4cc8 in start+0x0 (libdyld.dylib:x86_64+0x1acc8)

SUMMARY: AddressSanitizer: heap-buffer-overflow (libclang_rt.asan_osx_dynamic.dylib:x86_64h+0x1acc8) in wrap_strcmp+0x318
Error in test 1: get_next_line(5: "only_nl.txt"): Memory problems!
     in sigabort utils.c:58:1
     in same_string utils.c:437:31
     in test_gnl_func file_utils.c:41:6
     in main tester.c:129:2

=================================================================
==94574==ERROR: AddressSanitizer: heap-buffer-overflow on address 0x6020000000f1 at pc 0x000106e9ccc9 bp 0x7ffeec336f10 sp 0x7ffeec3366b8
READ of size 2 at 0x6020000000f1 thread T0
    #0 0x106e9ccc8 in wrap_strcmp+0x318 (libclang_rt.asan_osx_dynamic.dylib:x86_64h+0x1acc8)
    #1 0x1038ccf1d in same_string utils.c:437
    #2 0x1038cd311 in test_gnl_func file_utils.c:41
    #3 0x1038c4126 in main tester.c:135
    #4 0x7fff675a4cc8 in start+0x0 (libdyld.dylib:x86_64+0x1acc8)

0x6020000000f1 is located 0 bytes to the right of 1-byte region [0x6020000000f0,0x6020000000f1)
allocated by thread T0 here:
    #0 0x106ecb17d in wrap_malloc+0x9d (libclang_rt.asan_osx_dynamic.dylib:x86_64h+0x4917d)
    #1 0x1038c754c in malloc malloc_mock.c:65
    #2 0x1038ce3c9 in strcut_n_cpy get_next_line.c:78
    #3 0x1038ceead in get_next_line get_next_line.c:147
    #4 0x1038cd300 in test_gnl_func file_utils.c:40
    #5 0x1038c4126 in main tester.c:135
    #6 0x7fff675a4cc8 in start+0x0 (libdyld.dylib:x86_64+0x1acc8)

SUMMARY: AddressSanitizer: heap-buffer-overflow (libclang_rt.asan_osx_dynamic.dylib:x86_64h+0x1acc8) in wrap_strcmp+0x318
Error in test 1: get_next_line(5: "multiple_nl.txt"): Memory problems!
     in sigabort utils.c:58:1
     in same_string utils.c:437:31
     in test_gnl_func file_utils.c:41:6
     in main tester.c:135:2

=================================================================
==94579==ERROR: AddressSanitizer: heap-buffer-overflow on address 0x6020000000f1 at pc 0x000106e9ccc9 bp 0x7ffeec336f10 sp 0x7ffeec3366b8
READ of size 2 at 0x6020000000f1 thread T0
    #0 0x106e9ccc8 in wrap_strcmp+0x318 (libclang_rt.asan_osx_dynamic.dylib:x86_64h+0x1acc8)
    #1 0x1038ccf1d in same_string utils.c:437
    #2 0x1038cd311 in test_gnl_func file_utils.c:41
    #3 0x1038c484b in main tester.c:145
    #4 0x7fff675a4cc8 in start+0x0 (libdyld.dylib:x86_64+0x1acc8)

0x6020000000f1 is located 0 bytes to the right of 1-byte region [0x6020000000f0,0x6020000000f1)
allocated by thread T0 here:
    #0 0x106ecb17d in wrap_malloc+0x9d (libclang_rt.asan_osx_dynamic.dylib:x86_64h+0x4917d)
    #1 0x1038c754c in malloc malloc_mock.c:65
    #2 0x1038ce3c9 in strcut_n_cpy get_next_line.c:78
    #3 0x1038ceead in get_next_line get_next_line.c:147
    #4 0x1038cd300 in test_gnl_func file_utils.c:40
    #5 0x1038c484b in main tester.c:145
    #6 0x7fff675a4cc8 in start+0x0 (libdyld.dylib:x86_64+0x1acc8)

SUMMARY: AddressSanitizer: heap-buffer-overflow (libclang_rt.asan_osx_dynamic.dylib:x86_64h+0x1acc8) in wrap_strcmp+0x318
Error in test 1: get_next_line(5: "variable_nls.txt"): Memory problems!
     in sigabort utils.c:58:1
     in same_string utils.c:437:31
     in test_gnl_func file_utils.c:41:6
     in main tester.c:145:2

=================================================================
==94602==ERROR: AddressSanitizer: heap-buffer-overflow on address 0x6020000000fb at pc 0x000106e9ccc9 bp 0x7ffeec336f10 sp 0x7ffeec3366b8
READ of size 12 at 0x6020000000fb thread T0
    #0 0x106e9ccc8 in wrap_strcmp+0x318 (libclang_rt.asan_osx_dynamic.dylib:x86_64h+0x1acc8)
    #1 0x1038ccf1d in same_string utils.c:437
    #2 0x1038cd311 in test_gnl_func file_utils.c:41
    #3 0x1038c517d in main tester.c:162
    #4 0x7fff675a4cc8 in start+0x0 (libdyld.dylib:x86_64+0x1acc8)

0x6020000000fb is located 0 bytes to the right of 11-byte region [0x6020000000f0,0x6020000000fb)
allocated by thread T0 here:
    #0 0x106ecb17d in wrap_malloc+0x9d (libclang_rt.asan_osx_dynamic.dylib:x86_64h+0x4917d)
    #1 0x1038c754c in malloc malloc_mock.c:65
    #2 0x1038ce3c9 in strcut_n_cpy get_next_line.c:78
    #3 0x1038ceead in get_next_line get_next_line.c:147
    #4 0x1038cd300 in test_gnl_func file_utils.c:40
    #5 0x1038c517d in main tester.c:162
    #6 0x7fff675a4cc8 in start+0x0 (libdyld.dylib:x86_64+0x1acc8)

SUMMARY: AddressSanitizer: heap-buffer-overflow (libclang_rt.asan_osx_dynamic.dylib:x86_64h+0x1acc8) in wrap_strcmp+0x318
Error in test 1: get_next_line(5: "lines_around_10.txt"): Memory problems!
     in sigabort utils.c:58:1
     in same_string utils.c:437:31
     in test_gnl_func file_utils.c:41:6
     in main tester.c:162:2

Error in test 1: get_next_line(5: "giant_line.txt"): Timeout occurred. You can increase the timeout by executing francinette --timeout <number of seconds>
=================================================================
==94641==ERROR: AddressSanitizer: heap-buffer-overflow on address 0x62a000005021 at pc 0x000106e9ccc9 bp 0x7ffeec336f10 sp 0x7ffeec3366b8
READ of size 20002 at 0x62a000005021 thread T0
    #0 0x106e9ccc8 in wrap_strcmp+0x318 (libclang_rt.asan_osx_dynamic.dylib:x86_64h+0x1acc8)
    #1 0x1038ccf1d in same_string utils.c:437
    #2 0x1038cd311 in test_gnl_func file_utils.c:41
    #3 0x1038c600d in main tester.c:181
    #4 0x7fff675a4cc8 in start+0x0 (libdyld.dylib:x86_64+0x1acc8)

0x62a000005021 is located 0 bytes to the right of 20001-byte region [0x62a000000200,0x62a000005021)
allocated by thread T0 here:
    #0 0x106ecb17d in wrap_malloc+0x9d (libclang_rt.asan_osx_dynamic.dylib:x86_64h+0x4917d)
    #1 0x1038c754c in malloc malloc_mock.c:65
    #2 0x1038ce3c9 in strcut_n_cpy get_next_line.c:78
    #3 0x1038ceead in get_next_line get_next_line.c:147
    #4 0x1038cd300 in test_gnl_func file_utils.c:40
    #5 0x1038c600d in main tester.c:181
    #6 0x7fff675a4cc8 in start+0x0 (libdyld.dylib:x86_64+0x1acc8)

SUMMARY: AddressSanitizer: heap-buffer-overflow (libclang_rt.asan_osx_dynamic.dylib:x86_64h+0x1acc8) in wrap_strcmp+0x318
Error in test 1: get_next_line(5: "giant_line_nl.txt"): Memory problems!
     in sigabort utils.c:58:1
     in same_string utils.c:437:31
     in test_gnl_func file_utils.c:41:6
     in main tester.c:181:3

=================================================================
==94644==ERROR: AddressSanitizer: heap-buffer-overflow on address 0x6020000000fb at pc 0x000106e9ccc9 bp 0x7ffeec336f10 sp 0x7ffeec3366b8
READ of size 12 at 0x6020000000fb thread T0
    #0 0x106e9ccc8 in wrap_strcmp+0x318 (libclang_rt.asan_osx_dynamic.dylib:x86_64h+0x1acc8)
    #1 0x1038ccf1d in same_string utils.c:437
    #2 0x1038cd311 in test_gnl_func file_utils.c:41
    #3 0x1038c667f in main tester.c:193
    #4 0x7fff675a4cc8 in start+0x0 (libdyld.dylib:x86_64+0x1acc8)

0x6020000000fb is located 0 bytes to the right of 11-byte region [0x6020000000f0,0x6020000000fb)
allocated by thread T0 here:
    #0 0x106ecb17d in wrap_malloc+0x9d (libclang_rt.asan_osx_dynamic.dylib:x86_64h+0x4917d)
    #1 0x1038c754c in malloc malloc_mock.c:65
    #2 0x1038ce3c9 in strcut_n_cpy get_next_line.c:78
    #3 0x1038ceead in get_next_line get_next_line.c:147
    #4 0x1038cd300 in test_gnl_func file_utils.c:40
    #5 0x1038c667f in main tester.c:193
    #6 0x7fff675a4cc8 in start+0x0 (libdyld.dylib:x86_64+0x1acc8)

SUMMARY: AddressSanitizer: heap-buffer-overflow (libclang_rt.asan_osx_dynamic.dylib:x86_64h+0x1acc8) in wrap_strcmp+0x318
Error in test 1: get_next_line(5: "read_error.txt"): Memory problems!
     in sigabort utils.c:58:1
     in same_string utils.c:437:31
     in test_gnl_func file_utils.c:41:6
     in main tester.c:193:2

=================================================================
==94648==ERROR: AddressSanitizer: heap-buffer-overflow on address 0x6020000000fb at pc 0x000106e9ccc9 bp 0x7ffeec336f10 sp 0x7ffeec3366b8
READ of size 12 at 0x6020000000fb thread T0
    #0 0x106e9ccc8 in wrap_strcmp+0x318 (libclang_rt.asan_osx_dynamic.dylib:x86_64h+0x1acc8)
    #1 0x1038ccf1d in same_string utils.c:437
    #2 0x1038cd311 in test_gnl_func file_utils.c:41
    #3 0x1038c6f66 in main tester.c:243
    #4 0x7fff675a4cc8 in start+0x0 (libdyld.dylib:x86_64+0x1acc8)

0x6020000000fb is located 0 bytes to the right of 11-byte region [0x6020000000f0,0x6020000000fb)
allocated by thread T0 here:
    #0 0x106ecb17d in wrap_malloc+0x9d (libclang_rt.asan_osx_dynamic.dylib:x86_64h+0x4917d)
    #1 0x1038c754c in malloc malloc_mock.c:65
    #2 0x1038ce3c9 in strcut_n_cpy get_next_line.c:78
    #3 0x1038ceead in get_next_line get_next_line.c:147
    #4 0x1038cd300 in test_gnl_func file_utils.c:40
    #5 0x1038c6f66 in main tester.c:243
    #6 0x7fff675a4cc8 in start+0x0 (libdyld.dylib:x86_64+0x1acc8)

SUMMARY: AddressSanitizer: heap-buffer-overflow (libclang_rt.asan_osx_dynamic.dylib:x86_64h+0x1acc8) in wrap_strcmp+0x318
Error in test 1: get_next_line(0: "stdin"): Memory problems!
     in sigabort utils.c:58:1
     in same_string utils.c:437:31
     in test_gnl_func file_utils.c:41:6
     in main tester.c:243:2

